<?xml version="1.0" encoding="UTF-8"?>
<testng-results ignored="0" total="5" passed="5" failed="0" skipped="0">
  <reporter-output>
  </reporter-output>
  <suite started-at="2025-06-08T14:52:32Z" name="Simplilearn" finished-at="2025-06-08T14:52:49Z" duration-ms="16961">
    <groups>
    </groups>
    <test started-at="2025-06-08T14:52:32Z" name="SmokeTest" finished-at="2025-06-08T14:52:49Z" duration-ms="16961">
      <class name="swaglab_test.LoginTest">
        <test-method is-config="true" signature="SetUpExcel()[pri:0, instance:swaglab_test.LoginTest@2893de87]" started-at="2025-06-08T14:52:32Z" name="SetUpExcel" finished-at="2025-06-08T14:52:33Z" duration-ms="909" status="PASS">
          <reporter-output>
          </reporter-output>
        </test-method> <!-- SetUpExcel -->
        <test-method is-config="true" signature="Setup()[pri:0, instance:swaglab_test.LoginTest@2893de87]" started-at="2025-06-08T14:52:33Z" name="Setup" finished-at="2025-06-08T14:52:38Z" duration-ms="5046" status="PASS">
          <reporter-output>
          </reporter-output>
        </test-method> <!-- Setup -->
        <test-method signature="LockedUserLoginFailureTestFromExcel()[pri:0, instance:swaglab_test.LoginTest@2893de87]" started-at="2025-06-08T14:52:38Z" name="LockedUserLoginFailureTestFromExcel" finished-at="2025-06-08T14:52:38Z" duration-ms="425" status="PASS">
          <reporter-output>
          </reporter-output>
        </test-method> <!-- LockedUserLoginFailureTestFromExcel -->
        <test-method is-config="true" signature="TearDown()[pri:0, instance:swaglab_test.LoginTest@2893de87]" started-at="2025-06-08T14:52:38Z" name="TearDown" finished-at="2025-06-08T14:52:38Z" duration-ms="167" status="PASS">
          <reporter-output>
          </reporter-output>
        </test-method> <!-- TearDown -->
        <test-method is-config="true" signature="Setup()[pri:0, instance:swaglab_test.LoginTest@2893de87]" started-at="2025-06-08T14:52:38Z" name="Setup" finished-at="2025-06-08T14:52:40Z" duration-ms="2041" status="PASS">
          <reporter-output>
          </reporter-output>
        </test-method> <!-- Setup -->
        <test-method signature="LockedUserLoginFailureTestFromProperties()[pri:0, instance:swaglab_test.LoginTest@2893de87]" started-at="2025-06-08T14:52:40Z" name="LockedUserLoginFailureTestFromProperties" finished-at="2025-06-08T14:52:41Z" duration-ms="387" status="PASS">
          <reporter-output>
          </reporter-output>
        </test-method> <!-- LockedUserLoginFailureTestFromProperties -->
        <test-method is-config="true" signature="TearDown()[pri:0, instance:swaglab_test.LoginTest@2893de87]" started-at="2025-06-08T14:52:41Z" name="TearDown" finished-at="2025-06-08T14:52:41Z" duration-ms="137" status="PASS">
          <reporter-output>
          </reporter-output>
        </test-method> <!-- TearDown -->
        <test-method is-config="true" signature="Setup()[pri:0, instance:swaglab_test.LoginTest@2893de87]" started-at="2025-06-08T14:52:41Z" name="Setup" finished-at="2025-06-08T14:52:43Z" duration-ms="2078" status="PASS">
          <reporter-output>
          </reporter-output>
        </test-method> <!-- Setup -->
        <test-method signature="LoginSuccessTest()[pri:0, instance:swaglab_test.LoginTest@2893de87]" started-at="2025-06-08T14:52:43Z" name="LoginSuccessTest" finished-at="2025-06-08T14:52:43Z" duration-ms="417" status="PASS">
          <reporter-output>
          </reporter-output>
        </test-method> <!-- LoginSuccessTest -->
        <test-method is-config="true" signature="TearDown()[pri:0, instance:swaglab_test.LoginTest@2893de87]" started-at="2025-06-08T14:52:43Z" name="TearDown" finished-at="2025-06-08T14:52:43Z" duration-ms="196" status="PASS">
          <reporter-output>
          </reporter-output>
        </test-method> <!-- TearDown -->
        <test-method is-config="true" signature="Setup()[pri:0, instance:swaglab_test.LoginTest@2893de87]" started-at="2025-06-08T14:52:43Z" name="Setup" finished-at="2025-06-08T14:52:45Z" duration-ms="2071" status="PASS">
          <reporter-output>
          </reporter-output>
        </test-method> <!-- Setup -->
        <test-method signature="LoginFailureTest()[pri:1, instance:swaglab_test.LoginTest@2893de87]" started-at="2025-06-08T14:52:45Z" name="LoginFailureTest" finished-at="2025-06-08T14:52:46Z" duration-ms="376" status="PASS">
          <reporter-output>
          </reporter-output>
        </test-method> <!-- LoginFailureTest -->
        <test-method is-config="true" signature="TearDown()[pri:0, instance:swaglab_test.LoginTest@2893de87]" started-at="2025-06-08T14:52:46Z" name="TearDown" finished-at="2025-06-08T14:52:46Z" duration-ms="138" status="PASS">
          <reporter-output>
          </reporter-output>
        </test-method> <!-- TearDown -->
        <test-method is-config="true" signature="Setup()[pri:0, instance:swaglab_test.LoginTest@2893de87]" started-at="2025-06-08T14:52:46Z" name="Setup" finished-at="2025-06-08T14:52:48Z" duration-ms="2031" status="PASS">
          <reporter-output>
          </reporter-output>
        </test-method> <!-- Setup -->
        <test-method signature="LockedUserLoginFailureTest()[pri:2, instance:swaglab_test.LoginTest@2893de87]" started-at="2025-06-08T14:52:48Z" name="LockedUserLoginFailureTest" finished-at="2025-06-08T14:52:48Z" duration-ms="383" status="PASS">
          <reporter-output>
          </reporter-output>
        </test-method> <!-- LockedUserLoginFailureTest -->
        <test-method is-config="true" signature="TearDown()[pri:0, instance:swaglab_test.LoginTest@2893de87]" started-at="2025-06-08T14:52:48Z" name="TearDown" finished-at="2025-06-08T14:52:49Z" duration-ms="129" status="PASS">
          <reporter-output>
          </reporter-output>
        </test-method> <!-- TearDown -->
        <test-method is-config="true" signature="CloseExcel()[pri:0, instance:swaglab_test.LoginTest@2893de87]" started-at="2025-06-08T14:52:49Z" name="CloseExcel" finished-at="2025-06-08T14:52:49Z" duration-ms="0" status="FAIL">
          <exception class="java.io.IOException">
            <message>
              <![CDATA[Cannot write data, document seems to have been closed already]]>
            </message>
            <full-stacktrace>
              <![CDATA[java.io.IOException: Cannot write data, document seems to have been closed already
at org.apache.poi.ooxml.POIXMLDocument.write(POIXMLDocument.java:230)
at swaglab_test.BaseClass.CloseExcel(BaseClass.java:67)
at java.base/jdk.internal.reflect.NativeMethodAccessorImpl.invoke0(Native Method)
at java.base/jdk.internal.reflect.NativeMethodAccessorImpl.invoke(NativeMethodAccessorImpl.java:77)
at java.base/jdk.internal.reflect.DelegatingMethodAccessorImpl.invoke(DelegatingMethodAccessorImpl.java:43)
at java.base/java.lang.reflect.Method.invoke(Method.java:568)
at org.testng.internal.MethodInvocationHelper.invokeMethod(MethodInvocationHelper.java:124)
at org.testng.internal.MethodInvocationHelper.invokeMethodConsideringTimeout(MethodInvocationHelper.java:59)
at org.testng.internal.Invoker.invokeConfigurationMethod(Invoker.java:458)
at org.testng.internal.Invoker.invokeConfigurations(Invoker.java:222)
at org.testng.internal.Invoker.invokeConfigurations(Invoker.java:142)
at org.testng.TestRunner.afterRun(TestRunner.java:725)
at org.testng.TestRunner.run(TestRunner.java:509)
at org.testng.SuiteRunner.runTest(SuiteRunner.java:455)
at org.testng.SuiteRunner.runSequentially(SuiteRunner.java:450)
at org.testng.SuiteRunner.privateRun(SuiteRunner.java:415)
at org.testng.SuiteRunner.run(SuiteRunner.java:364)
at org.testng.SuiteRunnerWorker.runSuite(SuiteRunnerWorker.java:52)
at org.testng.SuiteRunnerWorker.run(SuiteRunnerWorker.java:84)
at org.testng.TestNG.runSuitesSequentially(TestNG.java:1208)
at org.testng.TestNG.runSuitesLocally(TestNG.java:1137)
at org.testng.TestNG.runSuites(TestNG.java:1049)
at org.testng.TestNG.run(TestNG.java:1017)
at org.apache.maven.surefire.testng.TestNGExecutor.run(TestNGExecutor.java:284)
at org.apache.maven.surefire.testng.TestNGXmlTestSuite.execute(TestNGXmlTestSuite.java:75)
at org.apache.maven.surefire.testng.TestNGProvider.invoke(TestNGProvider.java:119)
at org.apache.maven.surefire.booter.ForkedBooter.runSuitesInProcess(ForkedBooter.java:428)
at org.apache.maven.surefire.booter.ForkedBooter.execute(ForkedBooter.java:162)
at org.apache.maven.surefire.booter.ForkedBooter.run(ForkedBooter.java:562)
at org.apache.maven.surefire.booter.ForkedBooter.main(ForkedBooter.java:548)
]]>
            </full-stacktrace>
          </exception> <!-- java.io.IOException -->
          <reporter-output>
          </reporter-output>
        </test-method> <!-- CloseExcel -->
      </class> <!-- swaglab_test.LoginTest -->
    </test> <!-- SmokeTest -->
  </suite> <!-- Simplilearn -->
</testng-results>
