<?xml version="1.0" encoding="UTF-8"?>
<!-- Generated by org.testng.reporters.JUnitXMLReporter -->
<testsuite ignored="1" hostname="JeevaLaptop" failures="0" tests="2" name="SmokeTest" time="0.081" errors="0" timestamp="2025-04-05T11:40:56 CDT">
  <testcase classname="testng.AnnotationsExample" name="test1" time="0.019"/>
  <testcase classname="testng.AnnotationExample2" name="test3" time="0.003"/>
  <testcase classname="testng.AnnotationsExample" name="test2" time="0.0">
    <ignored/>
  </testcase> <!-- test2 -->
</testsuite> <!-- SmokeTest -->
