<?xml version="1.0" encoding="UTF-8"?>
<!-- Generated by org.testng.reporters.JUnitXMLReporter -->
<testsuite ignored="0" hostname="JeevaLaptop" failures="1" tests="5" name="SmokeTest" time="20.025" errors="0" timestamp="2025-06-07T11:56:09 CDT">
  <testcase classname="swaglab_test.BaseClass" name="@AfterTest CloseExcel" time="0.001">
    <failure type="java.io.IOException" message="Cannot write data, document seems to have been closed already">
      <![CDATA[java.io.IOException: Cannot write data, document seems to have been closed already
at org.apache.poi.ooxml.POIXMLDocument.write(POIXMLDocument.java:230)
at swaglab_test.BaseClass.CloseExcel(BaseClass.java:53)
... Removed 22 stack frames]]>
    </failure>
  </testcase> <!-- @AfterTest CloseExcel -->
  <testcase classname="swaglab_test.LoginTest" name="LockedUserLoginFailureTestFromExcel" time="0.636"/>
  <testcase classname="swaglab_test.LoginTest" name="LockedUserLoginFailureTestFromProperties" time="0.503"/>
  <testcase classname="swaglab_test.LoginTest" name="LoginSuccessTest" time="0.591">
    <failure type="java.lang.AssertionError" message="expected [Produt] but found [Products]">
      <![CDATA[java.lang.AssertionError: expected [Produt] but found [Products]
at swaglab_test.LoginTest.LoginSuccessTest(LoginTest.java:35)
at java.base/java.util.ArrayList.forEach(ArrayList.java:1597)
... Removed 31 stack frames]]>
    </failure>
  </testcase> <!-- LoginSuccessTest -->
  <testcase classname="swaglab_test.LoginTest" name="LoginFailureTest" time="0.543"/>
  <testcase classname="swaglab_test.LoginTest" name="LockedUserLoginFailureTest" time="0.57"/>
</testsuite> <!-- SmokeTest -->
