<?xml version="1.0" encoding="UTF-8"?>
<!-- Generated by org.testng.reporters.JUnitXMLReporter -->
<testsuite ignored="0" hostname="JeevaLaptop" failures="0" tests="5" name="SmokeTest" time="16.961" errors="0" timestamp="08 Jun 2025 14:52:49 GMT">
  <testcase classname="swaglab_test.BaseClass" name="@AfterTest CloseExcel" time="0.0">
    <failure type="java.io.IOException" message="Cannot write data, document seems to have been closed already">
      <![CDATA[java.io.IOException: Cannot write data, document seems to have been closed already
at org.apache.poi.ooxml.POIXMLDocument.write(POIXMLDocument.java:230)
at swaglab_test.BaseClass.CloseExcel(BaseClass.java:67)
... Removed 28 stack frames]]>
    </failure>
  </testcase> <!-- @AfterTest CloseExcel -->
  <testcase classname="swaglab_test.LoginTest" name="LockedUserLoginFailureTestFromExcel" time="0.425"/>
  <testcase classname="swaglab_test.LoginTest" name="LockedUserLoginFailureTestFromProperties" time="0.387"/>
  <testcase classname="swaglab_test.LoginTest" name="LoginSuccessTest" time="0.417"/>
  <testcase classname="swaglab_test.LoginTest" name="LoginFailureTest" time="0.376"/>
  <testcase classname="swaglab_test.LoginTest" name="LockedUserLoginFailureTest" time="0.383"/>
</testsuite> <!-- SmokeTest -->
